<?xml version="1.0" encoding="UTF-8"?>
<!-- Generated by org.testng.reporters.JUnitReportReporter -->
<testsuite hostname="Superuser" failures="0" tests="1" name="com.sr.testscripts.Internshala" time="28.509" errors="0" timestamp="2021-02-21T19:31:50 IST" skipped="0">
  <testcase classname="com.sr.testscripts.Internshala" name="perform" time="28.509"/>
  <system-out/>
</testsuite> <!-- com.sr.testscripts.Internshala -->
