<?xml version="1.0" encoding="UTF-8"?>
<!-- Generated by org.testng.reporters.JUnitReportReporter -->
<testsuite hostname="Superuser" failures="0" tests="1" name="com.sr.testscripts.TechlisticFormSubmission" time="42.553" errors="0" timestamp="2021-02-23T16:59:31 IST" skipped="0">
  <testcase classname="com.sr.testscripts.TechlisticFormSubmission" name="submitForm" time="42.553"/>
  <system-out/>
</testsuite> <!-- com.sr.testscripts.TechlisticFormSubmission -->
