<?xml version="1.0" encoding="UTF-8"?>
<!-- Generated by org.testng.reporters.JUnitReportReporter -->
<testsuite hostname="Superuser" failures="0" tests="1" name="com.sr.testscripts.AmazonAction" time="77.189" errors="0" timestamp="2021-02-21T19:58:10 IST" skipped="0">
  <testcase classname="com.sr.testscripts.AmazonAction" name="takeaction" time="77.189"/>
  <system-out/>
</testsuite> <!-- com.sr.testscripts.AmazonAction -->
